e:\workspace\c++\deferredshading\deferred\release\vc140.pdb
e:\workspace\c++\deferredshading\deferred\release\window.obj
e:\workspace\c++\deferredshading\deferred\release\texturemanager.obj
e:\workspace\c++\deferredshading\deferred\release\scenecreator.obj
e:\workspace\c++\deferredshading\deferred\release\scene.obj
e:\workspace\c++\deferredshading\deferred\release\materialmanager.obj
e:\workspace\c++\deferredshading\deferred\release\main.obj
e:\workspace\c++\deferredshading\deferred\release\light.obj
e:\workspace\c++\deferredshading\deferred\release\jsoncpp.obj
e:\workspace\c++\deferredshading\deferred\release\inputmanager.obj
e:\workspace\c++\deferredshading\deferred\release\geometry.obj
e:\workspace\c++\deferredshading\deferred\release\gbuffer.obj
e:\workspace\c++\deferredshading\deferred\release\filereader.obj
e:\workspace\c++\deferredshading\deferred\release\entity.obj
e:\workspace\c++\deferredshading\deferred\release\camera.obj
e:\workspace\c++\deferredshading\release\deferred.exe
e:\workspace\c++\deferredshading\release\deferred.ipdb
e:\workspace\c++\deferredshading\release\deferred.iobj
e:\workspace\c++\deferredshading\release\deferred.pdb
e:\workspace\c++\deferredshading\deferred\release\deferred.tlog\cl.command.1.tlog
e:\workspace\c++\deferredshading\deferred\release\deferred.tlog\cl.read.1.tlog
e:\workspace\c++\deferredshading\deferred\release\deferred.tlog\cl.write.1.tlog
e:\workspace\c++\deferredshading\deferred\release\deferred.tlog\link.command.1.tlog
e:\workspace\c++\deferredshading\deferred\release\deferred.tlog\link.read.1.tlog
e:\workspace\c++\deferredshading\deferred\release\deferred.tlog\link.write.1.tlog
